<?xml version="1.0" encoding="UTF-8"?>
<!-- Generated by org.testng.reporters.JUnitXMLReporter -->
<testsuite hostname="Vinitas-Air.sthlm.int" ignored="4" name="Default test" tests="1" failures="0" timestamp="2022-05-03T00:31:57 CEST" time="3.936" errors="0">
  <testcase name="CreateUserss" time="2.941" classname="com.API.tests.RestAPITest"/>
  <testcase name="CreateUser" time="0.0" classname="com.API.tests.RestAPITest">
    <ignored/>
  </testcase> <!-- CreateUser -->
  <testcase name="VerifyStatuscodeMessageforPayoutsAPI" time="0.0" classname="com.API.tests.RestAPITest">
    <ignored/>
  </testcase> <!-- VerifyStatuscodeMessageforPayoutsAPI -->
  <testcase name="VerifySingleUserwithInvalidResource" time="0.0" classname="com.API.tests.RestAPITest">
    <ignored/>
  </testcase> <!-- VerifySingleUserwithInvalidResource -->
  <testcase name="VerifyIdDatePayoutsAPI" time="0.0" classname="com.API.tests.RestAPITest">
    <ignored/>
  </testcase> <!-- VerifyIdDatePayoutsAPI -->
</testsuite> <!-- Default test -->
